<?xml version="1.0" encoding="UTF-8"?>
<!-- Generated by org.testng.reporters.JUnitXMLReporter -->
<testsuite ignored="0" hostname="Build3" failures="0" tests="12" name="Surefire test" time="145.47" errors="0" timestamp="2023-04-11T17:12:22 EDT">
  <testcase classname="com.crm.qa.testcases.ContactsPageTest" name="contactsLableTest" time="0.023"/>
  <testcase classname="com.crm.qa.testcases.ContactsPageTest" name="selectContactsTest" time="1.719"/>
  <testcase classname="com.crm.qa.testcases.ContactsPageTest" name="selectMultipleContactsTest" time="1.705"/>
  <testcase classname="com.crm.qa.testcases.ContactsPageTest" name="fillContactsFormTest" time="4.499"/>
  <testcase classname="com.crm.qa.testcases.ContactsPageTest" name="fillContactsFormTest" time="4.466"/>
  <testcase classname="com.crm.qa.testcases.ContactsPageTest" name="fillContactsFormTest" time="4.695"/>
  <testcase classname="com.crm.qa.testcases.HomePageTest" name="homePageTitleTest" time="0.003"/>
  <testcase classname="com.crm.qa.testcases.HomePageTest" name="userNameDisplayTest" time="0.039"/>
  <testcase classname="com.crm.qa.testcases.HomePageTest" name="clickContactsTest" time="1.689"/>
  <testcase classname="com.crm.qa.testcases.LoginPageTest" name="loginPageTitleTest" time="0.008"/>
  <testcase classname="com.crm.qa.testcases.LoginPageTest" name="crmLogoTest" time="0.038"/>
  <testcase classname="com.crm.qa.testcases.LoginPageTest" name="loginTest" time="6.598"/>
</testsuite> <!-- Surefire test -->
