<?xml version="1.0" encoding="UTF-8"?>
<!-- Generated by org.testng.reporters.JUnitXMLReporter -->
<testsuite ignored="0" hostname="Build3" failures="0" tests="3" name="Default test" time="39.065" errors="0" timestamp="2023-04-15T13:55:51 EDT">
  <testcase classname="com.crm.qa.testcases.HomePageTest" name="homePageTitleTest" time="0.016"/>
  <testcase classname="com.crm.qa.testcases.HomePageTest" name="userNameDisplayTest" time="0.042"/>
  <testcase classname="com.crm.qa.testcases.HomePageTest" name="clickContactsTest" time="2.069"/>
</testsuite> <!-- Default test -->
