<?xml version="1.0" encoding="UTF-8"?>
<!-- Generated by org.testng.reporters.JUnitXMLReporter -->
<testsuite ignored="0" hostname="Build3" failures="0" tests="6" name="Default test" time="81.521" errors="0" timestamp="2023-04-11T10:41:07 EDT">
  <testcase classname="com.crm.qa.testcases.ContactsPageTest" name="contactsLableTest" time="0.025"/>
  <testcase classname="com.crm.qa.testcases.ContactsPageTest" name="selectContactsTest" time="1.918"/>
  <testcase classname="com.crm.qa.testcases.ContactsPageTest" name="selectMultipleContactsTest" time="1.416"/>
  <testcase classname="com.crm.qa.testcases.ContactsPageTest" name="fillContactsFormTest" time="4.686"/>
  <testcase classname="com.crm.qa.testcases.ContactsPageTest" name="fillContactsFormTest" time="4.08"/>
  <testcase classname="com.crm.qa.testcases.ContactsPageTest" name="fillContactsFormTest" time="4.365"/>
</testsuite> <!-- Default test -->
