<?xml version="1.0" encoding="UTF-8"?>
<testng-results ignored="0" total="12" passed="12" failed="0" skipped="0">
  <reporter-output>
  </reporter-output>
  <suite started-at="2023-04-11T17:09:57 EDT" name="Surefire suite" finished-at="2023-04-11T17:12:22 EDT" duration-ms="145470">
    <groups>
    </groups>
    <test started-at="2023-04-11T17:09:57 EDT" name="Surefire test" finished-at="2023-04-11T17:12:22 EDT" duration-ms="145470">
      <class name="com.crm.qa.testcases.HomePageTest">
        <test-method is-config="true" signature="setUp()[pri:0, instance:com.crm.qa.testcases.HomePageTest@cd3fee8]" started-at="2023-04-11T17:11:25 EDT" name="setUp" finished-at="2023-04-11T17:11:36 EDT" duration-ms="11744" status="PASS">
          <reporter-output>
          </reporter-output>
        </test-method> <!-- setUp -->
        <test-method signature="homePageTitleTest()[pri:1, instance:com.crm.qa.testcases.HomePageTest@cd3fee8]" started-at="2023-04-11T17:11:36 EDT" name="homePageTitleTest" finished-at="2023-04-11T17:11:36 EDT" duration-ms="3" status="PASS">
          <reporter-output>
          </reporter-output>
        </test-method> <!-- homePageTitleTest -->
        <test-method is-config="true" signature="tearDown()[pri:0, instance:com.crm.qa.testcases.HomePageTest@cd3fee8]" started-at="2023-04-11T17:11:36 EDT" name="tearDown" finished-at="2023-04-11T17:11:37 EDT" duration-ms="127" status="PASS">
          <reporter-output>
          </reporter-output>
        </test-method> <!-- tearDown -->
        <test-method is-config="true" signature="setUp()[pri:0, instance:com.crm.qa.testcases.HomePageTest@cd3fee8]" started-at="2023-04-11T17:11:37 EDT" name="setUp" finished-at="2023-04-11T17:11:48 EDT" duration-ms="11583" status="PASS">
          <reporter-output>
          </reporter-output>
        </test-method> <!-- setUp -->
        <test-method signature="userNameDisplayTest()[pri:2, instance:com.crm.qa.testcases.HomePageTest@cd3fee8]" started-at="2023-04-11T17:11:48 EDT" name="userNameDisplayTest" finished-at="2023-04-11T17:11:48 EDT" duration-ms="39" status="PASS">
          <reporter-output>
          </reporter-output>
        </test-method> <!-- userNameDisplayTest -->
        <test-method is-config="true" signature="tearDown()[pri:0, instance:com.crm.qa.testcases.HomePageTest@cd3fee8]" started-at="2023-04-11T17:11:48 EDT" name="tearDown" finished-at="2023-04-11T17:11:48 EDT" duration-ms="150" status="PASS">
          <reporter-output>
          </reporter-output>
        </test-method> <!-- tearDown -->
        <test-method is-config="true" signature="setUp()[pri:0, instance:com.crm.qa.testcases.HomePageTest@cd3fee8]" started-at="2023-04-11T17:11:48 EDT" name="setUp" finished-at="2023-04-11T17:12:00 EDT" duration-ms="11697" status="PASS">
          <reporter-output>
          </reporter-output>
        </test-method> <!-- setUp -->
        <test-method signature="clickContactsTest()[pri:3, instance:com.crm.qa.testcases.HomePageTest@cd3fee8]" started-at="2023-04-11T17:12:00 EDT" name="clickContactsTest" finished-at="2023-04-11T17:12:02 EDT" duration-ms="1689" status="PASS">
          <reporter-output>
          </reporter-output>
        </test-method> <!-- clickContactsTest -->
        <test-method is-config="true" signature="tearDown()[pri:0, instance:com.crm.qa.testcases.HomePageTest@cd3fee8]" started-at="2023-04-11T17:12:02 EDT" name="tearDown" finished-at="2023-04-11T17:12:02 EDT" duration-ms="121" status="PASS">
          <reporter-output>
          </reporter-output>
        </test-method> <!-- tearDown -->
      </class> <!-- com.crm.qa.testcases.HomePageTest -->
      <class name="com.crm.qa.testcases.ContactsPageTest">
        <test-method is-config="true" signature="setUp()[pri:0, instance:com.crm.qa.testcases.ContactsPageTest@20d28811]" started-at="2023-04-11T17:09:57 EDT" name="setUp" finished-at="2023-04-11T17:10:09 EDT" duration-ms="12486" status="PASS">
          <reporter-output>
          </reporter-output>
        </test-method> <!-- setUp -->
        <test-method signature="contactsLableTest()[pri:1, instance:com.crm.qa.testcases.ContactsPageTest@20d28811]" started-at="2023-04-11T17:10:09 EDT" name="contactsLableTest" finished-at="2023-04-11T17:10:09 EDT" duration-ms="23" status="PASS">
          <reporter-output>
          </reporter-output>
        </test-method> <!-- contactsLableTest -->
        <test-method is-config="true" signature="tearDown()[pri:0, instance:com.crm.qa.testcases.ContactsPageTest@20d28811]" started-at="2023-04-11T17:10:09 EDT" name="tearDown" finished-at="2023-04-11T17:10:10 EDT" duration-ms="121" status="PASS">
          <reporter-output>
          </reporter-output>
        </test-method> <!-- tearDown -->
        <test-method is-config="true" signature="setUp()[pri:0, instance:com.crm.qa.testcases.ContactsPageTest@20d28811]" started-at="2023-04-11T17:10:10 EDT" name="setUp" finished-at="2023-04-11T17:10:21 EDT" duration-ms="11112" status="PASS">
          <reporter-output>
          </reporter-output>
        </test-method> <!-- setUp -->
        <test-method signature="selectContactsTest()[pri:2, instance:com.crm.qa.testcases.ContactsPageTest@20d28811]" started-at="2023-04-11T17:10:21 EDT" name="selectContactsTest" finished-at="2023-04-11T17:10:22 EDT" duration-ms="1719" status="PASS">
          <reporter-output>
          </reporter-output>
        </test-method> <!-- selectContactsTest -->
        <test-method is-config="true" signature="tearDown()[pri:0, instance:com.crm.qa.testcases.ContactsPageTest@20d28811]" started-at="2023-04-11T17:10:22 EDT" name="tearDown" finished-at="2023-04-11T17:10:23 EDT" duration-ms="164" status="PASS">
          <reporter-output>
          </reporter-output>
        </test-method> <!-- tearDown -->
        <test-method is-config="true" signature="setUp()[pri:0, instance:com.crm.qa.testcases.ContactsPageTest@20d28811]" started-at="2023-04-11T17:10:23 EDT" name="setUp" finished-at="2023-04-11T17:10:34 EDT" duration-ms="11143" status="PASS">
          <reporter-output>
          </reporter-output>
        </test-method> <!-- setUp -->
        <test-method signature="selectMultipleContactsTest()[pri:3, instance:com.crm.qa.testcases.ContactsPageTest@20d28811]" started-at="2023-04-11T17:10:34 EDT" name="selectMultipleContactsTest" finished-at="2023-04-11T17:10:35 EDT" duration-ms="1705" status="PASS">
          <reporter-output>
          </reporter-output>
        </test-method> <!-- selectMultipleContactsTest -->
        <test-method is-config="true" signature="tearDown()[pri:0, instance:com.crm.qa.testcases.ContactsPageTest@20d28811]" started-at="2023-04-11T17:10:35 EDT" name="tearDown" finished-at="2023-04-11T17:10:36 EDT" duration-ms="142" status="PASS">
          <reporter-output>
          </reporter-output>
        </test-method> <!-- tearDown -->
        <test-method is-config="true" signature="setUp()[pri:0, instance:com.crm.qa.testcases.ContactsPageTest@20d28811]" started-at="2023-04-11T17:10:36 EDT" name="setUp" finished-at="2023-04-11T17:10:48 EDT" duration-ms="11800" status="PASS">
          <reporter-output>
          </reporter-output>
        </test-method> <!-- setUp -->
        <test-method signature="fillContactsFormTest(java.lang.String,java.lang.String,java.lang.String,java.lang.String)[pri:4, instance:com.crm.qa.testcases.ContactsPageTest@20d28811]" started-at="2023-04-11T17:10:48 EDT" name="fillContactsFormTest" data-provider="getCRMTestData" finished-at="2023-04-11T17:10:52 EDT" duration-ms="4499" status="PASS">
          <params>
            <param index="0">
              <value>
                <![CDATA[Mr.]]>
              </value>
            </param>
            <param index="1">
              <value>
                <![CDATA[Tom]]>
              </value>
            </param>
            <param index="2">
              <value>
                <![CDATA[Peter]]>
              </value>
            </param>
            <param index="3">
              <value>
                <![CDATA[Google]]>
              </value>
            </param>
          </params>
          <reporter-output>
          </reporter-output>
        </test-method> <!-- fillContactsFormTest -->
        <test-method is-config="true" signature="tearDown()[pri:0, instance:com.crm.qa.testcases.ContactsPageTest@20d28811]" started-at="2023-04-11T17:10:52 EDT" name="tearDown" finished-at="2023-04-11T17:10:52 EDT" duration-ms="174" status="PASS">
          <reporter-output>
          </reporter-output>
        </test-method> <!-- tearDown -->
        <test-method is-config="true" signature="setUp()[pri:0, instance:com.crm.qa.testcases.ContactsPageTest@20d28811]" started-at="2023-04-11T17:10:52 EDT" name="setUp" finished-at="2023-04-11T17:11:03 EDT" duration-ms="11212" status="PASS">
          <reporter-output>
          </reporter-output>
        </test-method> <!-- setUp -->
        <test-method signature="fillContactsFormTest(java.lang.String,java.lang.String,java.lang.String,java.lang.String)[pri:4, instance:com.crm.qa.testcases.ContactsPageTest@20d28811]" started-at="2023-04-11T17:11:03 EDT" name="fillContactsFormTest" data-provider="getCRMTestData" finished-at="2023-04-11T17:11:08 EDT" duration-ms="4466" status="PASS">
          <params>
            <param index="0">
              <value>
                <![CDATA[Dr.]]>
              </value>
            </param>
            <param index="1">
              <value>
                <![CDATA[David]]>
              </value>
            </param>
            <param index="2">
              <value>
                <![CDATA[Cris]]>
              </value>
            </param>
            <param index="3">
              <value>
                <![CDATA[Amazon]]>
              </value>
            </param>
          </params>
          <reporter-output>
          </reporter-output>
        </test-method> <!-- fillContactsFormTest -->
        <test-method is-config="true" signature="tearDown()[pri:0, instance:com.crm.qa.testcases.ContactsPageTest@20d28811]" started-at="2023-04-11T17:11:08 EDT" name="tearDown" finished-at="2023-04-11T17:11:08 EDT" duration-ms="125" status="PASS">
          <reporter-output>
          </reporter-output>
        </test-method> <!-- tearDown -->
        <test-method is-config="true" signature="setUp()[pri:0, instance:com.crm.qa.testcases.ContactsPageTest@20d28811]" started-at="2023-04-11T17:11:08 EDT" name="setUp" finished-at="2023-04-11T17:11:20 EDT" duration-ms="11744" status="PASS">
          <reporter-output>
          </reporter-output>
        </test-method> <!-- setUp -->
        <test-method signature="fillContactsFormTest(java.lang.String,java.lang.String,java.lang.String,java.lang.String)[pri:4, instance:com.crm.qa.testcases.ContactsPageTest@20d28811]" started-at="2023-04-11T17:11:20 EDT" name="fillContactsFormTest" data-provider="getCRMTestData" finished-at="2023-04-11T17:11:25 EDT" duration-ms="4695" status="PASS">
          <params>
            <param index="0">
              <value>
                <![CDATA[Mrs.]]>
              </value>
            </param>
            <param index="1">
              <value>
                <![CDATA[Mukta]]>
              </value>
            </param>
            <param index="2">
              <value>
                <![CDATA[Sharma]]>
              </value>
            </param>
            <param index="3">
              <value>
                <![CDATA[Ebay]]>
              </value>
            </param>
          </params>
          <reporter-output>
          </reporter-output>
        </test-method> <!-- fillContactsFormTest -->
        <test-method is-config="true" signature="tearDown()[pri:0, instance:com.crm.qa.testcases.ContactsPageTest@20d28811]" started-at="2023-04-11T17:11:25 EDT" name="tearDown" finished-at="2023-04-11T17:11:25 EDT" duration-ms="166" status="PASS">
          <reporter-output>
          </reporter-output>
        </test-method> <!-- tearDown -->
      </class> <!-- com.crm.qa.testcases.ContactsPageTest -->
      <class name="com.crm.qa.testcases.LoginPageTest">
        <test-method is-config="true" signature="setUp()[pri:0, instance:com.crm.qa.testcases.LoginPageTest@3e2e18f2]" started-at="2023-04-11T17:12:02 EDT" name="setUp" finished-at="2023-04-11T17:12:06 EDT" duration-ms="4443" status="PASS">
          <reporter-output>
          </reporter-output>
        </test-method> <!-- setUp -->
        <test-method signature="loginPageTitleTest()[pri:1, instance:com.crm.qa.testcases.LoginPageTest@3e2e18f2]" started-at="2023-04-11T17:12:06 EDT" name="loginPageTitleTest" finished-at="2023-04-11T17:12:06 EDT" duration-ms="8" status="PASS">
          <reporter-output>
          </reporter-output>
        </test-method> <!-- loginPageTitleTest -->
        <test-method is-config="true" signature="tearDown()[pri:0, instance:com.crm.qa.testcases.LoginPageTest@3e2e18f2]" started-at="2023-04-11T17:12:06 EDT" name="tearDown" finished-at="2023-04-11T17:12:06 EDT" duration-ms="114" status="PASS">
          <reporter-output>
          </reporter-output>
        </test-method> <!-- tearDown -->
        <test-method is-config="true" signature="setUp()[pri:0, instance:com.crm.qa.testcases.LoginPageTest@3e2e18f2]" started-at="2023-04-11T17:12:06 EDT" name="setUp" finished-at="2023-04-11T17:12:11 EDT" duration-ms="4476" status="PASS">
          <reporter-output>
          </reporter-output>
        </test-method> <!-- setUp -->
        <test-method signature="crmLogoTest()[pri:2, instance:com.crm.qa.testcases.LoginPageTest@3e2e18f2]" started-at="2023-04-11T17:12:11 EDT" name="crmLogoTest" finished-at="2023-04-11T17:12:11 EDT" duration-ms="38" status="PASS">
          <reporter-output>
          </reporter-output>
        </test-method> <!-- crmLogoTest -->
        <test-method is-config="true" signature="tearDown()[pri:0, instance:com.crm.qa.testcases.LoginPageTest@3e2e18f2]" started-at="2023-04-11T17:12:11 EDT" name="tearDown" finished-at="2023-04-11T17:12:11 EDT" duration-ms="125" status="PASS">
          <reporter-output>
          </reporter-output>
        </test-method> <!-- tearDown -->
        <test-method is-config="true" signature="setUp()[pri:0, instance:com.crm.qa.testcases.LoginPageTest@3e2e18f2]" started-at="2023-04-11T17:12:11 EDT" name="setUp" finished-at="2023-04-11T17:12:16 EDT" duration-ms="4568" status="PASS">
          <reporter-output>
          </reporter-output>
        </test-method> <!-- setUp -->
        <test-method signature="loginTest()[pri:3, instance:com.crm.qa.testcases.LoginPageTest@3e2e18f2]" started-at="2023-04-11T17:12:16 EDT" name="loginTest" finished-at="2023-04-11T17:12:22 EDT" duration-ms="6598" status="PASS">
          <reporter-output>
          </reporter-output>
        </test-method> <!-- loginTest -->
        <test-method is-config="true" signature="tearDown()[pri:0, instance:com.crm.qa.testcases.LoginPageTest@3e2e18f2]" started-at="2023-04-11T17:12:22 EDT" name="tearDown" finished-at="2023-04-11T17:12:22 EDT" duration-ms="140" status="PASS">
          <reporter-output>
          </reporter-output>
        </test-method> <!-- tearDown -->
      </class> <!-- com.crm.qa.testcases.LoginPageTest -->
    </test> <!-- Surefire test -->
  </suite> <!-- Surefire suite -->
</testng-results>
