<?xml version="1.0" encoding="UTF-8"?>
<testng-results ignored="0" total="12" passed="12" failed="0" skipped="0">
  <reporter-output>
  </reporter-output>
  <suite started-at="2023-04-11T11:03:55 EDT" name="Free CRM Application" finished-at="2023-04-11T11:06:07 EDT" duration-ms="131996">
    <groups>
    </groups>
    <test started-at="2023-04-11T11:03:55 EDT" name="Free CRM Application Test Cases" finished-at="2023-04-11T11:06:07 EDT" duration-ms="131996">
      <class name="com.crm.qa.testcases.HomePageTest">
        <test-method is-config="true" signature="setUp()[pri:0, instance:com.crm.qa.testcases.HomePageTest@793f29ff]" started-at="2023-04-11T11:04:16 EDT" name="setUp" finished-at="2023-04-11T11:04:27 EDT" duration-ms="10706" status="PASS">
          <reporter-output>
          </reporter-output>
        </test-method> <!-- setUp -->
        <test-method signature="homePageTitleTest()[pri:1, instance:com.crm.qa.testcases.HomePageTest@793f29ff]" started-at="2023-04-11T11:04:27 EDT" name="homePageTitleTest" finished-at="2023-04-11T11:04:27 EDT" duration-ms="7" status="PASS">
          <reporter-output>
          </reporter-output>
        </test-method> <!-- homePageTitleTest -->
        <test-method is-config="true" signature="tearDown()[pri:0, instance:com.crm.qa.testcases.HomePageTest@793f29ff]" started-at="2023-04-11T11:04:27 EDT" name="tearDown" finished-at="2023-04-11T11:04:27 EDT" duration-ms="121" status="PASS">
          <reporter-output>
          </reporter-output>
        </test-method> <!-- tearDown -->
        <test-method is-config="true" signature="setUp()[pri:0, instance:com.crm.qa.testcases.HomePageTest@793f29ff]" started-at="2023-04-11T11:04:27 EDT" name="setUp" finished-at="2023-04-11T11:04:37 EDT" duration-ms="9925" status="PASS">
          <reporter-output>
          </reporter-output>
        </test-method> <!-- setUp -->
        <test-method signature="userNameDisplayTest()[pri:2, instance:com.crm.qa.testcases.HomePageTest@793f29ff]" started-at="2023-04-11T11:04:37 EDT" name="userNameDisplayTest" finished-at="2023-04-11T11:04:37 EDT" duration-ms="42" status="PASS">
          <reporter-output>
          </reporter-output>
        </test-method> <!-- userNameDisplayTest -->
        <test-method is-config="true" signature="tearDown()[pri:0, instance:com.crm.qa.testcases.HomePageTest@793f29ff]" started-at="2023-04-11T11:04:37 EDT" name="tearDown" finished-at="2023-04-11T11:04:37 EDT" duration-ms="132" status="PASS">
          <reporter-output>
          </reporter-output>
        </test-method> <!-- tearDown -->
        <test-method is-config="true" signature="setUp()[pri:0, instance:com.crm.qa.testcases.HomePageTest@793f29ff]" started-at="2023-04-11T11:04:37 EDT" name="setUp" finished-at="2023-04-11T11:04:47 EDT" duration-ms="10302" status="PASS">
          <reporter-output>
          </reporter-output>
        </test-method> <!-- setUp -->
        <test-method signature="clickContactsTest()[pri:3, instance:com.crm.qa.testcases.HomePageTest@793f29ff]" started-at="2023-04-11T11:04:47 EDT" name="clickContactsTest" finished-at="2023-04-11T11:04:49 EDT" duration-ms="1364" status="PASS">
          <reporter-output>
          </reporter-output>
        </test-method> <!-- clickContactsTest -->
        <test-method is-config="true" signature="tearDown()[pri:0, instance:com.crm.qa.testcases.HomePageTest@793f29ff]" started-at="2023-04-11T11:04:49 EDT" name="tearDown" finished-at="2023-04-11T11:04:49 EDT" duration-ms="124" status="PASS">
          <reporter-output>
          </reporter-output>
        </test-method> <!-- tearDown -->
      </class> <!-- com.crm.qa.testcases.HomePageTest -->
      <class name="com.crm.qa.testcases.ContactsPageTest">
        <test-method is-config="true" signature="setUp()[pri:0, instance:com.crm.qa.testcases.ContactsPageTest@3e8c3cb]" started-at="2023-04-11T11:04:49 EDT" name="setUp" finished-at="2023-04-11T11:04:59 EDT" duration-ms="10449" status="PASS">
          <reporter-output>
          </reporter-output>
        </test-method> <!-- setUp -->
        <test-method signature="contactsLableTest()[pri:1, instance:com.crm.qa.testcases.ContactsPageTest@3e8c3cb]" started-at="2023-04-11T11:04:59 EDT" name="contactsLableTest" finished-at="2023-04-11T11:04:59 EDT" duration-ms="18" status="PASS">
          <reporter-output>
          </reporter-output>
        </test-method> <!-- contactsLableTest -->
        <test-method is-config="true" signature="tearDown()[pri:0, instance:com.crm.qa.testcases.ContactsPageTest@3e8c3cb]" started-at="2023-04-11T11:04:59 EDT" name="tearDown" finished-at="2023-04-11T11:04:59 EDT" duration-ms="120" status="PASS">
          <reporter-output>
          </reporter-output>
        </test-method> <!-- tearDown -->
        <test-method is-config="true" signature="setUp()[pri:0, instance:com.crm.qa.testcases.ContactsPageTest@3e8c3cb]" started-at="2023-04-11T11:04:59 EDT" name="setUp" finished-at="2023-04-11T11:05:10 EDT" duration-ms="10806" status="PASS">
          <reporter-output>
          </reporter-output>
        </test-method> <!-- setUp -->
        <test-method signature="selectContactsTest()[pri:2, instance:com.crm.qa.testcases.ContactsPageTest@3e8c3cb]" started-at="2023-04-11T11:05:10 EDT" name="selectContactsTest" finished-at="2023-04-11T11:05:12 EDT" duration-ms="1615" status="PASS">
          <reporter-output>
          </reporter-output>
        </test-method> <!-- selectContactsTest -->
        <test-method is-config="true" signature="tearDown()[pri:0, instance:com.crm.qa.testcases.ContactsPageTest@3e8c3cb]" started-at="2023-04-11T11:05:12 EDT" name="tearDown" finished-at="2023-04-11T11:05:12 EDT" duration-ms="135" status="PASS">
          <reporter-output>
          </reporter-output>
        </test-method> <!-- tearDown -->
        <test-method is-config="true" signature="setUp()[pri:0, instance:com.crm.qa.testcases.ContactsPageTest@3e8c3cb]" started-at="2023-04-11T11:05:12 EDT" name="setUp" finished-at="2023-04-11T11:05:22 EDT" duration-ms="10013" status="PASS">
          <reporter-output>
          </reporter-output>
        </test-method> <!-- setUp -->
        <test-method signature="selectMultipleContactsTest()[pri:3, instance:com.crm.qa.testcases.ContactsPageTest@3e8c3cb]" started-at="2023-04-11T11:05:22 EDT" name="selectMultipleContactsTest" finished-at="2023-04-11T11:05:23 EDT" duration-ms="1571" status="PASS">
          <reporter-output>
          </reporter-output>
        </test-method> <!-- selectMultipleContactsTest -->
        <test-method is-config="true" signature="tearDown()[pri:0, instance:com.crm.qa.testcases.ContactsPageTest@3e8c3cb]" started-at="2023-04-11T11:05:23 EDT" name="tearDown" finished-at="2023-04-11T11:05:24 EDT" duration-ms="145" status="PASS">
          <reporter-output>
          </reporter-output>
        </test-method> <!-- tearDown -->
        <test-method is-config="true" signature="setUp()[pri:0, instance:com.crm.qa.testcases.ContactsPageTest@3e8c3cb]" started-at="2023-04-11T11:05:24 EDT" name="setUp" finished-at="2023-04-11T11:05:34 EDT" duration-ms="9998" status="PASS">
          <reporter-output>
          </reporter-output>
        </test-method> <!-- setUp -->
        <test-method signature="fillContactsFormTest(java.lang.String,java.lang.String,java.lang.String,java.lang.String)[pri:4, instance:com.crm.qa.testcases.ContactsPageTest@3e8c3cb]" started-at="2023-04-11T11:05:34 EDT" name="fillContactsFormTest" data-provider="getCRMTestData" finished-at="2023-04-11T11:05:38 EDT" duration-ms="4100" status="PASS">
          <params>
            <param index="0">
              <value>
                <![CDATA[Mr.]]>
              </value>
            </param>
            <param index="1">
              <value>
                <![CDATA[Tom]]>
              </value>
            </param>
            <param index="2">
              <value>
                <![CDATA[Peter]]>
              </value>
            </param>
            <param index="3">
              <value>
                <![CDATA[Google]]>
              </value>
            </param>
          </params>
          <reporter-output>
          </reporter-output>
        </test-method> <!-- fillContactsFormTest -->
        <test-method is-config="true" signature="tearDown()[pri:0, instance:com.crm.qa.testcases.ContactsPageTest@3e8c3cb]" started-at="2023-04-11T11:05:38 EDT" name="tearDown" finished-at="2023-04-11T11:05:38 EDT" duration-ms="144" status="PASS">
          <reporter-output>
          </reporter-output>
        </test-method> <!-- tearDown -->
        <test-method is-config="true" signature="setUp()[pri:0, instance:com.crm.qa.testcases.ContactsPageTest@3e8c3cb]" started-at="2023-04-11T11:05:38 EDT" name="setUp" finished-at="2023-04-11T11:05:49 EDT" duration-ms="10637" status="PASS">
          <reporter-output>
          </reporter-output>
        </test-method> <!-- setUp -->
        <test-method signature="fillContactsFormTest(java.lang.String,java.lang.String,java.lang.String,java.lang.String)[pri:4, instance:com.crm.qa.testcases.ContactsPageTest@3e8c3cb]" started-at="2023-04-11T11:05:49 EDT" name="fillContactsFormTest" data-provider="getCRMTestData" finished-at="2023-04-11T11:05:53 EDT" duration-ms="4205" status="PASS">
          <params>
            <param index="0">
              <value>
                <![CDATA[Dr.]]>
              </value>
            </param>
            <param index="1">
              <value>
                <![CDATA[David]]>
              </value>
            </param>
            <param index="2">
              <value>
                <![CDATA[Cris]]>
              </value>
            </param>
            <param index="3">
              <value>
                <![CDATA[Amazon]]>
              </value>
            </param>
          </params>
          <reporter-output>
          </reporter-output>
        </test-method> <!-- fillContactsFormTest -->
        <test-method is-config="true" signature="tearDown()[pri:0, instance:com.crm.qa.testcases.ContactsPageTest@3e8c3cb]" started-at="2023-04-11T11:05:53 EDT" name="tearDown" finished-at="2023-04-11T11:05:53 EDT" duration-ms="118" status="PASS">
          <reporter-output>
          </reporter-output>
        </test-method> <!-- tearDown -->
        <test-method is-config="true" signature="setUp()[pri:0, instance:com.crm.qa.testcases.ContactsPageTest@3e8c3cb]" started-at="2023-04-11T11:05:53 EDT" name="setUp" finished-at="2023-04-11T11:06:03 EDT" duration-ms="9883" status="PASS">
          <reporter-output>
          </reporter-output>
        </test-method> <!-- setUp -->
        <test-method signature="fillContactsFormTest(java.lang.String,java.lang.String,java.lang.String,java.lang.String)[pri:4, instance:com.crm.qa.testcases.ContactsPageTest@3e8c3cb]" started-at="2023-04-11T11:06:03 EDT" name="fillContactsFormTest" data-provider="getCRMTestData" finished-at="2023-04-11T11:06:07 EDT" duration-ms="4180" status="PASS">
          <params>
            <param index="0">
              <value>
                <![CDATA[Mrs.]]>
              </value>
            </param>
            <param index="1">
              <value>
                <![CDATA[Mukta]]>
              </value>
            </param>
            <param index="2">
              <value>
                <![CDATA[Sharma]]>
              </value>
            </param>
            <param index="3">
              <value>
                <![CDATA[Ebay]]>
              </value>
            </param>
          </params>
          <reporter-output>
          </reporter-output>
        </test-method> <!-- fillContactsFormTest -->
        <test-method is-config="true" signature="tearDown()[pri:0, instance:com.crm.qa.testcases.ContactsPageTest@3e8c3cb]" started-at="2023-04-11T11:06:07 EDT" name="tearDown" finished-at="2023-04-11T11:06:07 EDT" duration-ms="152" status="PASS">
          <reporter-output>
          </reporter-output>
        </test-method> <!-- tearDown -->
      </class> <!-- com.crm.qa.testcases.ContactsPageTest -->
      <class name="com.crm.qa.testcases.LoginPageTest">
        <test-method is-config="true" signature="setUp()[pri:0, instance:com.crm.qa.testcases.LoginPageTest@2794eab6]" started-at="2023-04-11T11:03:55 EDT" name="setUp" finished-at="2023-04-11T11:04:00 EDT" duration-ms="4754" status="PASS">
          <reporter-output>
          </reporter-output>
        </test-method> <!-- setUp -->
        <test-method signature="loginPageTitleTest()[pri:1, instance:com.crm.qa.testcases.LoginPageTest@2794eab6]" started-at="2023-04-11T11:04:00 EDT" name="loginPageTitleTest" finished-at="2023-04-11T11:04:00 EDT" duration-ms="13" status="PASS">
          <reporter-output>
          </reporter-output>
        </test-method> <!-- loginPageTitleTest -->
        <test-method is-config="true" signature="tearDown()[pri:0, instance:com.crm.qa.testcases.LoginPageTest@2794eab6]" started-at="2023-04-11T11:04:00 EDT" name="tearDown" finished-at="2023-04-11T11:04:00 EDT" duration-ms="131" status="PASS">
          <reporter-output>
          </reporter-output>
        </test-method> <!-- tearDown -->
        <test-method is-config="true" signature="setUp()[pri:0, instance:com.crm.qa.testcases.LoginPageTest@2794eab6]" started-at="2023-04-11T11:04:00 EDT" name="setUp" finished-at="2023-04-11T11:04:04 EDT" duration-ms="4001" status="PASS">
          <reporter-output>
          </reporter-output>
        </test-method> <!-- setUp -->
        <test-method signature="crmLogoTest()[pri:2, instance:com.crm.qa.testcases.LoginPageTest@2794eab6]" started-at="2023-04-11T11:04:04 EDT" name="crmLogoTest" finished-at="2023-04-11T11:04:04 EDT" duration-ms="40" status="PASS">
          <reporter-output>
          </reporter-output>
        </test-method> <!-- crmLogoTest -->
        <test-method is-config="true" signature="tearDown()[pri:0, instance:com.crm.qa.testcases.LoginPageTest@2794eab6]" started-at="2023-04-11T11:04:04 EDT" name="tearDown" finished-at="2023-04-11T11:04:04 EDT" duration-ms="120" status="PASS">
          <reporter-output>
          </reporter-output>
        </test-method> <!-- tearDown -->
        <test-method is-config="true" signature="setUp()[pri:0, instance:com.crm.qa.testcases.LoginPageTest@2794eab6]" started-at="2023-04-11T11:04:04 EDT" name="setUp" finished-at="2023-04-11T11:04:08 EDT" duration-ms="3974" status="PASS">
          <reporter-output>
          </reporter-output>
        </test-method> <!-- setUp -->
        <test-method signature="loginTest()[pri:3, instance:com.crm.qa.testcases.LoginPageTest@2794eab6]" started-at="2023-04-11T11:04:08 EDT" name="loginTest" finished-at="2023-04-11T11:04:16 EDT" duration-ms="7516" status="PASS">
          <reporter-output>
          </reporter-output>
        </test-method> <!-- loginTest -->
        <test-method is-config="true" signature="tearDown()[pri:0, instance:com.crm.qa.testcases.LoginPageTest@2794eab6]" started-at="2023-04-11T11:04:16 EDT" name="tearDown" finished-at="2023-04-11T11:04:16 EDT" duration-ms="126" status="PASS">
          <reporter-output>
          </reporter-output>
        </test-method> <!-- tearDown -->
      </class> <!-- com.crm.qa.testcases.LoginPageTest -->
    </test> <!-- Free CRM Application Test Cases -->
  </suite> <!-- Free CRM Application -->
</testng-results>
