<?xml version="1.0" encoding="UTF-8"?>
<!-- Generated by org.testng.reporters.JUnitXMLReporter -->
<testsuite ignored="0" hostname="Build3" failures="0" tests="12" name="Free CRM Application Test Cases" time="153.948" errors="0" timestamp="2023-04-16T08:49:23 EDT">
  <testcase classname="com.crm.qa.testcases.LoginPageTest" name="loginPageTitleTest" time="0.018"/>
  <testcase classname="com.crm.qa.testcases.LoginPageTest" name="crmLogoTest" time="0.041"/>
  <testcase classname="com.crm.qa.testcases.LoginPageTest" name="loginTest" time="8.027"/>
  <testcase classname="com.crm.qa.testcases.HomePageTest" name="homePageTitleTest" time="0.006"/>
  <testcase classname="com.crm.qa.testcases.HomePageTest" name="userNameDisplayTest" time="0.05"/>
  <testcase classname="com.crm.qa.testcases.HomePageTest" name="clickContactsTest" time="2.127"/>
  <testcase classname="com.crm.qa.testcases.ContactsPageTest" name="contactsLableTest" time="0.019"/>
  <testcase classname="com.crm.qa.testcases.ContactsPageTest" name="selectContactsTest" time="1.784"/>
  <testcase classname="com.crm.qa.testcases.ContactsPageTest" name="selectMultipleContactsTest" time="1.761"/>
  <testcase classname="com.crm.qa.testcases.ContactsPageTest" name="fillContactsFormTest" time="5.037"/>
  <testcase classname="com.crm.qa.testcases.ContactsPageTest" name="fillContactsFormTest" time="4.594"/>
  <testcase classname="com.crm.qa.testcases.ContactsPageTest" name="fillContactsFormTest" time="11.0"/>
</testsuite> <!-- Free CRM Application Test Cases -->
